<?xml version="1.0" encoding="UTF-8"?>
<testng-results ignored="0" total="2" passed="2" failed="0" skipped="0">
  <reporter-output>
  </reporter-output>
  <suite started-at="2025-02-10T04:16:22 IST" name="Suite" finished-at="2025-02-10T04:16:36 IST" duration-ms="13449">
    <groups>
      <group name="Master">
        <method signature="TC001_AccountRegistrationTest.verify_account_registeration()[pri:0, instance:testCases.TC001_AccountRegistrationTest@5b8dfcc1]" name="verify_account_registeration" class="testCases.TC001_AccountRegistrationTest"/>
        <method signature="TC002_LoginTest.verify_login()[pri:0, instance:testCases.TC002_LoginTest@4f83df68]" name="verify_login" class="testCases.TC002_LoginTest"/>
      </group> <!-- Master -->
      <group name="Sanity">
        <method signature="TC002_LoginTest.verify_login()[pri:0, instance:testCases.TC002_LoginTest@4f83df68]" name="verify_login" class="testCases.TC002_LoginTest"/>
      </group> <!-- Sanity -->
      <group name="Regression">
        <method signature="TC001_AccountRegistrationTest.verify_account_registeration()[pri:0, instance:testCases.TC001_AccountRegistrationTest@5b8dfcc1]" name="verify_account_registeration" class="testCases.TC001_AccountRegistrationTest"/>
      </group> <!-- Regression -->
    </groups>
    <test started-at="2025-02-10T04:16:22 IST" name="Test" finished-at="2025-02-10T04:16:36 IST" duration-ms="13449">
      <class name="testCases.TC002_LoginTest">
        <test-method is-config="true" signature="setup(java.lang.String,java.lang.String)[pri:0, instance:testCases.TC002_LoginTest@4f83df68]" started-at="2025-02-10T04:16:30 IST" name="setup" finished-at="2025-02-10T04:16:33 IST" duration-ms="3118" status="PASS">
          <params>
            <param index="0">
              <value>
                <![CDATA[linux]]>
              </value>
            </param>
            <param index="1">
              <value>
                <![CDATA[chrome]]>
              </value>
            </param>
          </params>
          <reporter-output>
          </reporter-output>
        </test-method> <!-- setup -->
        <test-method signature="verify_login()[pri:0, instance:testCases.TC002_LoginTest@4f83df68]" started-at="2025-02-10T04:16:33 IST" name="verify_login" finished-at="2025-02-10T04:16:35 IST" duration-ms="2338" status="PASS">
          <reporter-output>
          </reporter-output>
        </test-method> <!-- verify_login -->
        <test-method is-config="true" signature="tearDown()[pri:0, instance:testCases.TC002_LoginTest@4f83df68]" started-at="2025-02-10T04:16:35 IST" name="tearDown" finished-at="2025-02-10T04:16:36 IST" duration-ms="275" status="PASS">
          <reporter-output>
          </reporter-output>
        </test-method> <!-- tearDown -->
      </class> <!-- testCases.TC002_LoginTest -->
      <class name="testCases.TC001_AccountRegistrationTest">
        <test-method is-config="true" signature="setup(java.lang.String,java.lang.String)[pri:0, instance:testCases.TC001_AccountRegistrationTest@5b8dfcc1]" started-at="2025-02-10T04:16:22 IST" name="setup" finished-at="2025-02-10T04:16:27 IST" duration-ms="4717" status="PASS">
          <params>
            <param index="0">
              <value>
                <![CDATA[linux]]>
              </value>
            </param>
            <param index="1">
              <value>
                <![CDATA[chrome]]>
              </value>
            </param>
          </params>
          <reporter-output>
          </reporter-output>
        </test-method> <!-- setup -->
        <test-method signature="verify_account_registeration()[pri:0, instance:testCases.TC001_AccountRegistrationTest@5b8dfcc1]" started-at="2025-02-10T04:16:27 IST" name="verify_account_registeration" finished-at="2025-02-10T04:16:30 IST" duration-ms="2427" status="PASS">
          <reporter-output>
          </reporter-output>
        </test-method> <!-- verify_account_registeration -->
        <test-method is-config="true" signature="tearDown()[pri:0, instance:testCases.TC001_AccountRegistrationTest@5b8dfcc1]" started-at="2025-02-10T04:16:30 IST" name="tearDown" finished-at="2025-02-10T04:16:30 IST" duration-ms="208" status="PASS">
          <reporter-output>
          </reporter-output>
        </test-method> <!-- tearDown -->
      </class> <!-- testCases.TC001_AccountRegistrationTest -->
    </test> <!-- Test -->
  </suite> <!-- Suite -->
</testng-results>
